<?xml version="1.0" encoding="UTF-8"?>
<!-- Generated by org.testng.reporters.JUnitReportReporter -->
<testsuite hostname="Shaan" failures="0" tests="5" name="maven_git_jenkins.practice1" time="0.011" errors="0" timestamp="2022-07-21T14:14:55 IST" skipped="0">
  <testcase classname="maven_git_jenkins.practice1" name="Practice31" time="0.002"/>
  <system-out/>
  <testcase classname="maven_git_jenkins.practice1" name="Practice25" time="0.006"/>
  <system-out/>
  <testcase classname="maven_git_jenkins.practice1" name="Practice36" time="0.001"/>
  <system-out/>
  <testcase classname="maven_git_jenkins.practice1" name="Practice38" time="0.001"/>
  <system-out/>
  <testcase classname="maven_git_jenkins.practice1" name="Practice27" time="0.001"/>
  <system-out/>
</testsuite> <!-- maven_git_jenkins.practice1 -->
