<?xml version="1.0" encoding="UTF-8"?>
<!-- Generated by org.testng.reporters.JUnitReportReporter -->
<testsuite hostname="Shaan" failures="0" tests="4" name="maven_git_jenkins.practice2" time="0.013" errors="0" timestamp="2022-07-21T14:13:20 IST" skipped="0">
  <testcase classname="maven_git_jenkins.practice2" name="Practice396" time="0.001"/>
  <system-out>
    <![CDATA[This is method of maven for practice2,Practice30]]>
  </system-out>
  <testcase classname="maven_git_jenkins.practice2" name="Practice105" time="0.010"/>
  <system-out>
    <![CDATA[This is method of maven for practice2,Practice10]]>
  </system-out>
  <testcase classname="maven_git_jenkins.practice2" name="Practice203" time="0.001"/>
  <system-out>
    <![CDATA[This is method of maven for practice2,Practice20]]>
  </system-out>
  <testcase classname="maven_git_jenkins.practice2" name="Practice301" time="0.001"/>
  <system-out>
    <![CDATA[This is method of maven for practice2,Practice30]]>
  </system-out>
</testsuite> <!-- maven_git_jenkins.practice2 -->
